TN:
SF:src\modules\error\appError.ts
FN:13,handleError
FNF:1
FNH:1
FNDA:1,handleError
DA:1,1
DA:2,1
DA:3,1
DA:4,1
DA:5,1
DA:6,1
DA:7,1
DA:8,1
DA:9,1
DA:10,1
DA:11,1
DA:12,1
DA:13,1
DA:14,1
DA:15,1
DA:16,1
DA:17,1
DA:18,1
DA:19,1
LF:19
LH:19
BRDA:13,0,0,1
BRF:1
BRH:1
end_of_record
TN:
SF:src\modules\error\messageError.ts
FN:3,logErrorMessage
FNF:1
FNH:1
FNDA:1,logErrorMessage
DA:1,1
DA:2,1
DA:3,1
DA:4,1
DA:5,1
DA:6,1
DA:7,1
DA:8,1
DA:9,1
DA:10,1
DA:11,1
DA:12,1
LF:12
LH:12
BRDA:3,0,0,1
BRF:1
BRH:1
end_of_record
TN:
SF:src\modules\order\CreateOrder\createOrder.ts
FN:5,<instance_members_initializer>
FN:7,CreateOrder
FN:11,createOrder
FNF:3
FNH:3
FNDA:1,<instance_members_initializer>
FNDA:1,CreateOrder
FNDA:1,createOrder
DA:1,1
DA:2,1
DA:3,1
DA:4,1
DA:5,1
DA:6,1
DA:7,1
DA:8,1
DA:9,1
DA:10,1
DA:11,1
DA:12,1
DA:13,1
DA:14,0
DA:15,0
DA:16,1
DA:17,1
DA:18,1
DA:19,1
DA:20,1
DA:21,1
DA:22,1
DA:23,1
DA:24,1
DA:25,1
DA:26,1
DA:27,1
DA:28,1
DA:29,1
DA:30,1
LF:30
LH:28
BRDA:5,0,0,1
BRDA:7,1,0,1
BRDA:11,2,0,1
BRDA:13,3,0,0
BRDA:13,4,0,0
BRF:5
BRH:3
end_of_record
TN:
SF:src\modules\order\checkoutOrder\checkoutOrder.ts
FN:10,<instance_members_initializer>
FN:12,CheckoutOrder
FN:16,checkoutOrder
FNF:3
FNH:3
FNDA:1,<instance_members_initializer>
FNDA:1,CheckoutOrder
FNDA:1,checkoutOrder
DA:1,1
DA:2,1
DA:3,1
DA:4,1
DA:5,1
DA:6,1
DA:7,1
DA:8,1
DA:9,1
DA:10,1
DA:11,1
DA:12,1
DA:13,1
DA:14,1
DA:15,1
DA:16,1
DA:17,1
DA:18,1
DA:19,1
DA:20,0
DA:21,0
DA:22,1
DA:23,1
DA:24,1
DA:25,1
DA:26,1
DA:27,1
DA:28,1
DA:29,1
LF:29
LH:27
BRDA:10,0,0,1
BRDA:12,1,0,1
BRDA:16,2,0,1
BRDA:19,3,0,0
BRF:4
BRH:3
end_of_record
TN:
SF:src\modules\order\removeOrderItens\removeOrderItens.ts
FN:10,<instance_members_initializer>
FN:12,RemoveOrderItens
FN:16,removeOrderItem
FNF:3
FNH:3
FNDA:3,<instance_members_initializer>
FNDA:3,RemoveOrderItens
FNDA:3,removeOrderItem
DA:1,1
DA:2,1
DA:3,1
DA:4,1
DA:5,1
DA:6,1
DA:7,1
DA:8,1
DA:9,1
DA:10,1
DA:11,1
DA:12,1
DA:13,3
DA:14,3
DA:15,1
DA:16,1
DA:17,3
DA:18,3
DA:19,1
DA:20,1
DA:21,2
DA:22,3
DA:23,1
DA:24,1
DA:25,1
DA:26,1
DA:27,1
DA:28,1
DA:29,1
DA:30,1
DA:31,1
DA:32,1
DA:33,1
DA:34,1
DA:35,1
DA:36,1
DA:37,1
DA:38,1
LF:38
LH:38
BRDA:10,0,0,3
BRDA:12,1,0,3
BRDA:16,2,0,3
BRDA:18,3,0,1
BRDA:21,4,0,2
BRDA:22,5,0,1
BRF:6
BRH:6
end_of_record
TN:
SF:src\modules\order\repository\OrderRepository.ts
FN:8,<instance_members_initializer>
FN:10,findByOrderId
FN:14,save
FN:18,removeOrderItemByProductId
FNF:4
FNH:4
FNDA:6,<instance_members_initializer>
FNDA:8,findByOrderId
FNDA:5,save
FNDA:1,removeOrderItemByProductId
DA:1,1
DA:2,1
DA:3,1
DA:4,1
DA:5,1
DA:6,1
DA:7,1
DA:8,1
DA:9,1
DA:10,1
DA:11,8
DA:12,8
DA:13,1
DA:14,1
DA:15,5
DA:16,5
DA:17,1
DA:18,1
DA:19,1
DA:20,1
DA:21,1
DA:22,1
DA:23,1
DA:24,0
DA:25,0
DA:26,1
DA:27,1
DA:28,1
DA:29,1
DA:30,1
DA:31,1
DA:32,1
DA:33,1
DA:34,1
DA:35,1
DA:36,0
DA:37,0
DA:38,1
DA:39,1
DA:40,1
DA:41,1
DA:42,1
DA:43,1
DA:44,1
LF:44
LH:40
BRDA:8,0,0,6
BRDA:10,1,0,8
BRDA:11,2,0,6
BRDA:14,3,0,5
BRDA:18,4,0,1
BRDA:23,5,0,0
BRDA:35,6,0,0
BRDA:28,7,0,1
BRF:8
BRH:6
end_of_record
TN:
SF:src\modules\order\updateOrderItem\updateOrderItem.ts
FN:10,<instance_members_initializer>
FN:12,UpdateOrderItem
FN:16,addOrderItem
FNF:3
FNH:3
FNDA:4,<instance_members_initializer>
FNDA:4,UpdateOrderItem
FNDA:1,addOrderItem
DA:1,1
DA:2,1
DA:3,1
DA:4,1
DA:5,1
DA:6,1
DA:7,1
DA:8,1
DA:9,1
DA:10,1
DA:11,1
DA:12,1
DA:13,4
DA:14,4
DA:15,1
DA:16,1
DA:17,1
DA:18,1
DA:19,1
DA:20,0
DA:21,0
DA:22,1
DA:23,1
DA:24,0
DA:25,0
DA:26,0
DA:27,0
DA:28,1
DA:29,1
DA:30,1
DA:31,1
DA:32,1
DA:33,0
DA:34,0
DA:35,0
DA:36,0
DA:37,0
DA:38,0
DA:39,1
DA:40,1
DA:41,1
DA:42,1
DA:43,1
DA:44,1
DA:45,1
DA:46,1
DA:47,1
DA:48,1
DA:49,1
DA:50,1
DA:51,1
LF:51
LH:39
BRDA:10,0,0,4
BRDA:12,1,0,4
BRDA:16,2,0,1
BRDA:19,3,0,0
BRDA:23,4,0,0
BRDA:32,5,0,0
BRF:6
BRH:3
end_of_record
TN:
SF:src\utils\getFileName.ts
FN:2,getFileName
FNF:1
FNH:1
FNDA:4,getFileName
DA:1,1
DA:2,4
DA:3,4
DA:4,4
LF:4
LH:4
BRDA:2,0,0,4
BRF:1
BRH:1
end_of_record
