TN:
SF:src\repository\OrderRepository.ts
FN:4,<instance_members_initializer>
FN:6,findByOrderId
FN:10,save
FNF:3
FNH:3
FNDA:4,<instance_members_initializer>
FNDA:5,findByOrderId
FNDA:3,save
DA:1,1
DA:2,1
DA:3,1
DA:4,1
DA:5,1
DA:6,1
DA:7,5
DA:8,5
DA:9,1
DA:10,1
DA:11,3
DA:12,3
DA:13,1
DA:14,1
DA:15,1
LF:15
LH:15
BRDA:4,0,0,4
BRDA:6,1,0,5
BRDA:7,2,0,3
BRDA:10,3,0,3
BRF:4
BRH:4
end_of_record
TN:
SF:src\services\orderServices.ts
FN:17,<instance_members_initializer>
FN:19,OrderService
FN:23,createOrder
FN:46,addOrderItem
FN:92,removeOrderItem
FN:130,checkoutOrder
FNF:6
FNH:4
FNDA:4,<instance_members_initializer>
FNDA:4,OrderService
FNDA:2,createOrder
FNDA:2,addOrderItem
FNDA:0,removeOrderItem
FNDA:0,checkoutOrder
DA:1,1
DA:2,1
DA:3,1
DA:4,1
DA:5,1
DA:6,1
DA:7,1
DA:8,1
DA:9,1
DA:10,1
DA:11,1
DA:12,1
DA:13,1
DA:14,1
DA:15,1
DA:16,1
DA:17,1
DA:18,1
DA:19,1
DA:20,4
DA:21,4
DA:22,1
DA:23,1
DA:24,2
DA:25,2
DA:26,1
DA:27,1
DA:28,1
DA:29,1
DA:30,1
DA:31,1
DA:32,1
DA:33,1
DA:34,1
DA:35,1
DA:36,1
DA:37,1
DA:38,1
DA:39,1
DA:40,1
DA:41,1
DA:42,1
DA:43,1
DA:44,1
DA:45,1
DA:46,1
DA:47,2
DA:48,2
DA:49,2
DA:50,1
DA:51,1
DA:52,1
DA:53,1
DA:54,2
DA:55,0
DA:56,0
DA:57,0
DA:58,0
DA:59,0
DA:60,1
DA:61,1
DA:62,1
DA:63,1
DA:64,1
DA:65,2
DA:66,0
DA:67,0
DA:68,0
DA:69,0
DA:70,0
DA:71,0
DA:72,0
DA:73,0
DA:74,0
DA:75,0
DA:76,2
DA:77,1
DA:78,1
DA:79,1
DA:80,1
DA:81,1
DA:82,1
DA:83,1
DA:84,1
DA:85,1
DA:86,1
DA:87,1
DA:88,1
DA:89,1
DA:90,1
DA:91,1
DA:92,1
DA:93,0
DA:94,0
DA:95,0
DA:96,0
DA:97,0
DA:98,0
DA:99,0
DA:100,0
DA:101,0
DA:102,0
DA:103,0
DA:104,0
DA:105,0
DA:106,0
DA:107,0
DA:108,0
DA:109,0
DA:110,0
DA:111,0
DA:112,0
DA:113,0
DA:114,0
DA:115,0
DA:116,0
DA:117,0
DA:118,0
DA:119,0
DA:120,0
DA:121,0
DA:122,0
DA:123,0
DA:124,0
DA:125,0
DA:126,0
DA:127,0
DA:128,0
DA:129,1
DA:130,1
DA:131,0
DA:132,0
DA:133,0
DA:134,0
DA:135,0
DA:136,0
DA:137,0
DA:138,0
DA:139,0
DA:140,0
DA:141,0
DA:142,0
DA:143,0
DA:144,0
DA:145,0
DA:146,0
DA:147,0
DA:148,0
DA:149,0
DA:150,0
DA:151,0
DA:152,0
DA:153,1
DA:154,1
DA:155,1
LF:155
LH:82
BRDA:17,0,0,4
BRDA:19,1,0,4
BRDA:23,2,0,2
BRDA:25,3,0,1
BRDA:46,4,0,2
BRDA:49,5,0,1
BRDA:54,6,0,0
BRDA:60,7,0,1
BRDA:65,8,0,0
BRDA:76,9,0,1
BRF:10
BRH:8
end_of_record
TN:
SF:src\utils\errorTypes.ts
FN:7,handleError
FNF:1
FNH:0
FNDA:0,handleError
DA:1,1
DA:2,1
DA:3,1
DA:4,1
DA:5,1
DA:6,1
DA:7,0
DA:8,0
DA:9,0
DA:10,0
DA:11,0
DA:12,0
DA:13,0
LF:13
LH:6
BRF:0
BRH:0
end_of_record
